Info: CustomCategory:navigation_view_generic: 142 mini seconds publishing element
Info: SupportingMaterial:introduction_to_openup: 138 mini seconds publishing element
Info: CustomCategory:getting_started_list: 30 mini seconds publishing element
Info: CustomCategory:understanding_openup: 20 mini seconds publishing element
Info: Roadmap:openup_roadmap: 72 mini seconds publishing element
Info: SupportingMaterial:who_should_use_openup: 84 mini seconds publishing element
Info: CustomCategory:core_principles_category: 240 mini seconds publishing element
Info: Concept:core_principle_balance: 55 mini seconds publishing element
Info: Concept:core_principle_collaborate: 19 mini seconds publishing element
Info: Concept:core_principle_focus: 140 mini seconds publishing element
Info: Concept:core_principle_evolve: 22 mini seconds publishing element
Info: SupportingMaterial:minimal_complete_extensible: 12 mini seconds publishing element
Info: Concept:basic_process_concepts: 26 mini seconds publishing element
Info: Concept:practice: 52 mini seconds publishing element
Info: SupportingMaterial:resources_for_contributing_to_epf: 12 mini seconds publishing element
Info: SupportingMaterial:resources_for_customizing_methods: 64 mini seconds publishing element
Info: CustomCategory:delivery_process_list: 12 mini seconds publishing element
Info: : 1407 mini-second(s) publishing element DeliveryProcess:openup_lifecycle[process.openup.base\deliveryprocesses\openup_lifecycle_EE511F3A.html]
Info: DeliveryProcess:openup_lifecycle: 1414 mini seconds publishing element
Info: DeliveryProcess:openup_lifecycle: 1743 mini seconds publishing process specific layout data
Info: Phase:Inception Phase: 245 mini seconds publishing element
Info: Iteration:inception_phase_iteration: 312 mini seconds publishing element
Info: Activity:initiate_project: 139 mini seconds publishing element
Info: TaskDescriptor:develop_technical_vision: 240 mini seconds publishing element
Info: TaskDescriptor:plan_the_project: 35 mini seconds publishing element
Info: Activity:plan_manage_iteration: 176 mini seconds publishing element
Info: TaskDescriptor:plan_iteration: 37 mini seconds publishing element
Info: Activity:Prepare Environment: 79 mini seconds publishing element
Info: TaskDescriptor:tailor_process: 32 mini seconds publishing element
Info: TaskDescriptor:setup_tools: 25 mini seconds publishing element
Info: TaskDescriptor:verify_tool_config_installation: 23 mini seconds publishing element
Info: TaskDescriptor:deploy_process: 32 mini seconds publishing element
Info: TaskDescriptor:manage_iteration: 49 mini seconds publishing element
Info: TaskDescriptor:assess_results: 38 mini seconds publishing element
Info: Activity:identify_and_refine_requirements: 161 mini seconds publishing element
Info: TaskDescriptor:identify_and_outline_requirements: 39 mini seconds publishing element
Info: TaskDescriptor:detail_use_case_scenarios: 30 mini seconds publishing element
Info: TaskDescriptor:detail_system_wide_requirements: 27 mini seconds publishing element
Info: TaskDescriptor:create_test_cases: 31 mini seconds publishing element
Info: Activity:agree_technical_approach: 103 mini seconds publishing element
Info: TaskDescriptor:envision_the_arch: 46 mini seconds publishing element
Info: Milestone:lifecycle_objectives_milestone: 30 mini seconds publishing element
Info: Phase:Elaboration Phase: 312 mini seconds publishing element
Info: Iteration:elaboration_phase_iteration: 395 mini seconds publishing element
Info: Activity:plan_manage_iteration: 195 mini seconds publishing element
Info: TaskDescriptor:plan_deployment: 31 mini seconds publishing element
Info: Activity:identify_and_refine_requirements: 157 mini seconds publishing element
Info: Activity:develop_architecture: 136 mini seconds publishing element
Info: Activity:develop_solution: 375 mini seconds publishing element
Info: TaskDescriptor:design_solution: 55 mini seconds publishing element
Info: TaskDescriptor:implement_developer_tests: 27 mini seconds publishing element
Info: TaskDescriptor:implement_solution: 29 mini seconds publishing element
Info: TaskDescriptor:run_developer_tests: 24 mini seconds publishing element
Info: TaskDescriptor:integrate_and_create_build: 28 mini seconds publishing element
Info: TaskDescriptor:refine_the_arch: 43 mini seconds publishing element
Info: Activity:develop_solution: 372 mini seconds publishing element
Info: Activity:test_solution: 134 mini seconds publishing element
Info: TaskDescriptor:implement_tests: 45 mini seconds publishing element
Info: TaskDescriptor:run_tests: 38 mini seconds publishing element
Info: Activity:ongoing_tasks: 104 mini seconds publishing element
Info: TaskDescriptor:request_change: 24 mini seconds publishing element
Info: Milestone:lifecycle_architecture_milestone: 16 mini seconds publishing element
Info: Phase:Construction Phase: 344 mini seconds publishing element
Info: Iteration:construction_phase_iteration: 395 mini seconds publishing element
Info: Activity:plan_manage_iteration: 191 mini seconds publishing element
Info: TaskDescriptor:plan_deployment: 39 mini seconds publishing element
Info: Activity:identify_and_refine_requirements: 437 mini seconds publishing element
Info: Activity:develop_solution: 281 mini seconds publishing element
Info: Activity:test_solution: 118 mini seconds publishing element
Info: Activity:ongoing_tasks: 98 mini seconds publishing element
Info: Activity:prepare_product_documentation: 185 mini seconds publishing element
Info: TaskDescriptor:develop_product_documentation: 27 mini seconds publishing element
Info: TaskDescriptor:develop_user_documentation: 25 mini seconds publishing element
Info: TaskDescriptor:develop_support_documentation: 22 mini seconds publishing element
Info: TaskDescriptor:develop_training_materials: 25 mini seconds publishing element
Info: Milestone:initial_operational_capability_milestone: 13 mini seconds publishing element
Info: Phase:Transition Phase: 347 mini seconds publishing element
Info: Iteration:transition_phase_iteration: 445 mini seconds publishing element
Info: Activity:plan_manage_iteration: 173 mini seconds publishing element
Info: Activity:develop_solution: 294 mini seconds publishing element
Info: Activity:test_solution: 135 mini seconds publishing element
Info: Activity:prep_doc_trng: 114 mini seconds publishing element
Info: Activity:prepare_for_release: 102 mini seconds publishing element
Info: TaskDescriptor:review_conform_to_release_controls: 21 mini seconds publishing element
Info: TaskDescriptor:install_validate_infrastructure: 27 mini seconds publishing element
Info: TaskDescriptor:develop_backout_plan: 21 mini seconds publishing element
Info: TaskDescriptor:develop_release_communications: 21 mini seconds publishing element
Info: Activity:provide_product_training: 80 mini seconds publishing element
Info: TaskDescriptor:deliver_end_user_training: 21 mini seconds publishing element
Info: TaskDescriptor:deliver_support_training: 27 mini seconds publishing element
Info: Activity:ongoing_tasks: 88 mini seconds publishing element
Info: Activity:deploy_release_to_production: 101 mini seconds publishing element
Info: TaskDescriptor:package_the_release: 27 mini seconds publishing element
Info: TaskDescriptor:execute_deployment_plan: 21 mini seconds publishing element
Info: TaskDescriptor:verify_successful_deployment: 22 mini seconds publishing element
Info: TaskDescriptor:execute_backout_plan: 26 mini seconds publishing element
Info: TaskDescriptor:deliver_release_communications: 26 mini seconds publishing element
Info: Milestone:product_release_milestone: 15 mini seconds publishing element
Info: CustomCategory:practices: 23 mini seconds publishing element
Info: CustomCategory:management_practice_list: 17 mini seconds publishing element
Info: Practice:iterative_development: 155 mini seconds publishing element
Info: Roadmap:how_to_adopt: 15 mini seconds publishing element
Info: Concept:iteration_lifecycle: 26 mini seconds publishing element
Info: Concept:micro_increments: 19 mini seconds publishing element
Info: Concept:retrospective: 22 mini seconds publishing element
Info: Concept:iteration: 31 mini seconds publishing element
Info: SupportingMaterial:epf_copyright: 20 mini seconds publishing element
Info: Artifact:iteration_plan: 37 mini seconds publishing element
Info: Artifact:work_items_list: 50 mini seconds publishing element
Info: Artifact:risk_list: 34 mini seconds publishing element
Info: Task:assess_results: 69 mini seconds publishing element
Info: Task:manage_iteration: 54 mini seconds publishing element
Info: Task:plan_iteration: 48 mini seconds publishing element
Info: Report:iteration_burndown: 12 mini seconds publishing element
Info: Guideline:agile_estimation: 27 mini seconds publishing element
Info: Guideline:assign_changes_to_iteration: 18 mini seconds publishing element
Info: Guideline:conduct_retrospective: 26 mini seconds publishing element
Info: Guideline:iteration_assessment: 14 mini seconds publishing element
Info: Guideline:iteration_planning: 15 mini seconds publishing element
Info: Guideline:managing_risks: 18 mini seconds publishing element
Info: Guideline:managing_work_items: 26 mini seconds publishing element
Info: Guideline:prioritizing_work_items: 16 mini seconds publishing element
Info: Practice:risk_value_lifecycle: 54 mini seconds publishing element
Info: Roadmap:how_to_adopt: 15 mini seconds publishing element
Info: Concept:project_lifecycle: 34 mini seconds publishing element
Info: Concept:phase_milestones: 29 mini seconds publishing element
Info: Concept:inception_phase: 18 mini seconds publishing element
Info: Concept:elaboration_phase: 21 mini seconds publishing element
Info: Concept:construction_phase: 18 mini seconds publishing element
Info: Concept:transition_phase: 18 mini seconds publishing element
Info: CapabilityPattern:risk_value_lifecycle_phases: 167 mini seconds publishing element
Info: CapabilityPattern:risk_value_lifecycle_phases: 101 mini seconds publishing process specific layout data
Info: Phase:inception_phase: 64 mini seconds publishing element
Info: Iteration:inception_iteration: 71 mini seconds publishing element
Info: Milestone:Lifecycle Objectives Milestone: 12 mini seconds publishing element
Info: Phase:elaboration_phase: 60 mini seconds publishing element
Info: Iteration:elaboration_iteration: 68 mini seconds publishing element
Info: Milestone:Lifecycle Architecture Milestone: 17 mini seconds publishing element
Info: Phase:construction_phase: 68 mini seconds publishing element
Info: Iteration:construction_iteration: 87 mini seconds publishing element
Info: Milestone:Initial Operational Capability: 16 mini seconds publishing element
Info: Phase:transition_phase: 67 mini seconds publishing element
Info: Iteration:transition_iteration: 77 mini seconds publishing element
Info: Milestone:Product Release Milestone: 11 mini seconds publishing element
Info: Practice:release_planning: 23 mini seconds publishing element
Info: Roadmap:how_to_adopt: 12 mini seconds publishing element
Info: Concept:metrics: 15 mini seconds publishing element
Info: Artifact:project_plan: 35 mini seconds publishing element
Info: Task:plan_the_project: 60 mini seconds publishing element
Info: Report:project_burndown: 13 mini seconds publishing element
Info: Guideline:staffing_project: 37 mini seconds publishing element
Info: Practice:whole_team: 38 mini seconds publishing element
Info: Roadmap:how_to_adopt: 13 mini seconds publishing element
Info: Concept:whole_team: 13 mini seconds publishing element
Info: Guideline:daily_meetings: 20 mini seconds publishing element
Info: Guideline:maintain_a_sustainable_pace: 12 mini seconds publishing element
Info: Guideline:self_organize_work_assignments: 25 mini seconds publishing element
Info: Practice:team_change_mgmt: 24 mini seconds publishing element
Info: Roadmap:how_to_adopt: 16 mini seconds publishing element
Info: Task:request_change: 27 mini seconds publishing element
Info: Guideline:submitting_change_requests: 15 mini seconds publishing element
Info: Example:work_items_list: 25 mini seconds publishing element
Info: Practice:project_process_tailoring: 57 mini seconds publishing element
Info: Concept:development_case: 15 mini seconds publishing element
Info: Artifact:tools: 22 mini seconds publishing element
Info: Artifact:project_defined_process: 33 mini seconds publishing element
Info: Task:deploy_process: 35 mini seconds publishing element
Info: Task:setup_tools: 34 mini seconds publishing element
Info: Task:tailor_process: 40 mini seconds publishing element
Info: Task:verify_tool_config_installation: 35 mini seconds publishing element
Info: Example:development_case_project: 17 mini seconds publishing element
Info: SupportingMaterial:rel_info_project_process_tailoring: 17 mini seconds publishing element
Info: Template:development_case: 22 mini seconds publishing element
Info: Guideline:classifying_work_products: 20 mini seconds publishing element
Info: Guideline:deploying_tools: 19 mini seconds publishing element
Info: Guideline:tailor_process_project: 20 mini seconds publishing element
Info: Guideline:tailoring_configuration_management: 24 mini seconds publishing element
Info: Guideline:tailoring_specific_process_area: 15 mini seconds publishing element
Info: Guideline:tailoring_risk_management: 17 mini seconds publishing element
Info: CustomCategory:technical_practice_list: 13 mini seconds publishing element
Info: Practice:concurrent_testing: 39 mini seconds publishing element
Info: Roadmap:how_to_adopt_concurrent_testing: 21 mini seconds publishing element
Info: Concept:test_ideas: 51 mini seconds publishing element
Info: Concept:testing_qualitative_rqmts: 16 mini seconds publishing element
Info: Artifact:test_case: 29 mini seconds publishing element
Info: Artifact:test_log: 25 mini seconds publishing element
Info: Artifact:test_script: 26 mini seconds publishing element
Info: Task:create_test_cases: 40 mini seconds publishing element
Info: Task:implement_tests: 43 mini seconds publishing element
Info: Task:run_tests: 47 mini seconds publishing element
Info: Guideline:maintaining_automated_test_suite: 21 mini seconds publishing element
Info: Guideline:programming_automated_tests: 19 mini seconds publishing element
Info: Guideline:test_ideas: 14 mini seconds publishing element
Info: Guideline:test_suite: 16 mini seconds publishing element
Info: Practice:continous_integration: 20 mini seconds publishing element
Info: Roadmap:how_to_adopt_continuous_integration: 37 mini seconds publishing element
Info: Concept:change_requests: 13 mini seconds publishing element
Info: Concept:change_set: 13 mini seconds publishing element
Info: Concept:workspace: 26 mini seconds publishing element
Info: Artifact:build: 43 mini seconds publishing element
Info: Task:integrate_and_create_build: 41 mini seconds publishing element
Info: Guideline:continuous_integration: 87 mini seconds publishing element
Info: Guideline:promoting_changes: 14 mini seconds publishing element
Info: Practice:evolutionary_arch: 24 mini seconds publishing element
Info: Roadmap:how_to_adopt_evolutionary_arch_practice: 16 mini seconds publishing element
Info: Concept:arch_mechanism: 39 mini seconds publishing element
Info: Concept:arch_views_viewpoints: 14 mini seconds publishing element
Info: Concept:software_architecture: 37 mini seconds publishing element
Info: Artifact:architecture_notebook: 41 mini seconds publishing element
Info: Task:envision_the_arch: 82 mini seconds publishing element
Info: Task:refine_the_arch: 70 mini seconds publishing element
Info: Guideline:abstract_away_complexity: 25 mini seconds publishing element
Info: Guideline:modeling_the_arch: 33 mini seconds publishing element
Info: Guideline:software_reuse: 40 mini seconds publishing element
Info: Practice:evolutionary_design: 34 mini seconds publishing element
Info: Roadmap:how_to_adopt_evolutionary_design: 18 mini seconds publishing element
Info: Concept:design: 30 mini seconds publishing element
Info: Concept:design_mechanism: 16 mini seconds publishing element
Info: Concept:implementation_mechanism: 16 mini seconds publishing element
Info: Concept:requirements_realization: 16 mini seconds publishing element
Info: Artifact:design: 42 mini seconds publishing element
Info: Task:design_solution: 75 mini seconds publishing element
Info: SupportingMaterial:using_ed_in_context: 22 mini seconds publishing element
Info: Guideline:analyze_the_design: 27 mini seconds publishing element
Info: Guideline:evolve_the_design: 40 mini seconds publishing element
Info: Guideline:refactoring: 27 mini seconds publishing element
Info: Practice:shared_vision: 24 mini seconds publishing element
Info: Roadmap:how_to_adopt: 15 mini seconds publishing element
Info: Artifact:vision: 49 mini seconds publishing element
Info: Artifact:glossary: 54 mini seconds publishing element
Info: Task:develop_technical_vision: 45 mini seconds publishing element
Info: Guideline:req_gathering_techniques: 41 mini seconds publishing element
Info: Guideline:effective_req_reviews: 24 mini seconds publishing element
Info: Practice:test_driven_dev: 38 mini seconds publishing element
Info: Roadmap:adopt_tdd_practice: 14 mini seconds publishing element
Info: Concept:coding_standard: 13 mini seconds publishing element
Info: Concept:collective_code_ownership: 21 mini seconds publishing element
Info: Concept:developer_testing: 21 mini seconds publishing element
Info: Concept:refactoring: 20 mini seconds publishing element
Info: Artifact:developer_test: 33 mini seconds publishing element
Info: Artifact:implementation: 43 mini seconds publishing element
Info: Task:implement_developer_tests: 56 mini seconds publishing element
Info: Task:implement_solution: 49 mini seconds publishing element
Info: Task:run_developer_tests: 35 mini seconds publishing element
Info: SupportingMaterial:using_tdd_in_context: 19 mini seconds publishing element
Info: Guideline:developer_testing: 25 mini seconds publishing element
Info: Guideline:mapping_design_to_code: 17 mini seconds publishing element
Info: Guideline:test_driven_development: 24 mini seconds publishing element
Info: Practice:use_case_driven_dev_practice: 35 mini seconds publishing element
Info: Roadmap:how_to_adopt: 11 mini seconds publishing element
Info: Concept:requirements: 21 mini seconds publishing element
Info: Concept:use_case: 57 mini seconds publishing element
Info: Concept:actor: 30 mini seconds publishing element
Info: Concept:use_case_model: 21 mini seconds publishing element
Info: Artifact:use_case: 55 mini seconds publishing element
Info: Artifact:use_case_model: 51 mini seconds publishing element
Info: Artifact:system_wide_requirements: 50 mini seconds publishing element
Info: Task:identify_and_outline_requirements: 59 mini seconds publishing element
Info: Task:detail_use_case_scenarios: 44 mini seconds publishing element
Info: Task:detail_system_wide_requirements: 34 mini seconds publishing element
Info: Guideline:detail_ucs_and_scenarios: 20 mini seconds publishing element
Info: Guideline:identify_and_outline_actors_and_ucs: 18 mini seconds publishing element
Info: Guideline:system_wide_requirements: 28 mini seconds publishing element
Info: Guideline:uc_realizations: 23 mini seconds publishing element
Info: CustomCategory:deployment_practice_list: 10 mini seconds publishing element
Info: Practice:documentation_and_training: 29 mini seconds publishing element
Info: Roadmap:how_to_adopt_doc_training: 13 mini seconds publishing element
Info: Artifact:product_documentation: 32 mini seconds publishing element
Info: Artifact:support_documentation: 20 mini seconds publishing element
Info: Artifact:training_materials: 25 mini seconds publishing element
Info: Artifact:user_documentation: 24 mini seconds publishing element
Info: Task:develop_product_documentation: 38 mini seconds publishing element
Info: Task:develop_user_documentation: 42 mini seconds publishing element
Info: Task:develop_support_documentation: 41 mini seconds publishing element
Info: Task:develop_training_materials: 40 mini seconds publishing element
Info: Task:deliver_end_user_training: 36 mini seconds publishing element
Info: Task:deliver_support_training: 31 mini seconds publishing element
Info: Role:course_developer: 51 mini seconds publishing element
Info: Role:product_owner: 35 mini seconds publishing element
Info: Role:technical_writer: 47 mini seconds publishing element
Info: Role:trainer: 37 mini seconds publishing element
Info: Practice:production_release: 57 mini seconds publishing element
Info: Roadmap:how_to_adopt_production_release: 12 mini seconds publishing element
Info: Concept:release_iteration: 12 mini seconds publishing element
Info: Artifact:backout_plan: 24 mini seconds publishing element
Info: Artifact:deployment_plan: 28 mini seconds publishing element
Info: Artifact:infrastructure: 22 mini seconds publishing element
Info: Artifact:release_communications: 23 mini seconds publishing element
Info: Artifact:release_controls: 23 mini seconds publishing element
Info: Deliverable:release: 32 mini seconds publishing element
Info: Task:review_conform_to_release_controls: 28 mini seconds publishing element
Info: Task:install_validate_infrastructure: 34 mini seconds publishing element
Info: Task:plan_deployment: 38 mini seconds publishing element
Info: Task:develop_backout_plan: 33 mini seconds publishing element
Info: Task:develop_release_communications: 29 mini seconds publishing element
Info: Task:package_the_release: 36 mini seconds publishing element
Info: Task:execute_deployment_plan: 34 mini seconds publishing element
Info: Task:verify_successful_deployment: 29 mini seconds publishing element
Info: Task:execute_backout_plan: 29 mini seconds publishing element
Info: Task:deliver_release_communications: 31 mini seconds publishing element
Info: Checklist:deployment_plan: 29 mini seconds publishing element
Info: CustomCategory:role_set_list: 15 mini seconds publishing element
Info: RoleSet:basic_role_set: 34 mini seconds publishing element
Info: Role:analyst: 106 mini seconds publishing element
Info: Role:any_role: 30 mini seconds publishing element
Info: Role:architect: 79 mini seconds publishing element
Info: Role:developer: 163 mini seconds publishing element
Info: Role:project_manager: 73 mini seconds publishing element
Info: Role:stakeholder: 56 mini seconds publishing element
Info: Role:tester: 74 mini seconds publishing element
Info: RoleSet:deployment_roles_list: 10 mini seconds publishing element
Info: Role:deployment_engineer: 82 mini seconds publishing element
Info: Role:deployment_manager: 29 mini seconds publishing element
Info: RoleSet:environment_roles_list: 12 mini seconds publishing element
Info: Role:process_engineer: 51 mini seconds publishing element
Info: Role:tool_specialist: 54 mini seconds publishing element
Info: CustomCategory:work_products: 34 mini seconds publishing element
Info: Domain:architecture_domain: 36 mini seconds publishing element
Info: Domain:deployment_domain: 21 mini seconds publishing element
Info: Domain:development_domain: 30 mini seconds publishing element
Info: Domain:environment_domain: 14 mini seconds publishing element
Info: Domain:project_management_domain: 20 mini seconds publishing element
Info: Domain:requirements_domain: 14 mini seconds publishing element
Info: Domain:test_domain: 13 mini seconds publishing element
Info: CustomCategory:tasks: 26 mini seconds publishing element
Info: Discipline:architecture_discipline: 74 mini seconds publishing element
Info: Discipline:deployment_discipline: 49 mini seconds publishing element
Info: Discipline:development_discipline: 28 mini seconds publishing element
Info: Discipline:environment_discipline: 17 mini seconds publishing element
Info: Discipline:project_management_discipline: 27 mini seconds publishing element
Info: Discipline:requirements_discipline: 23 mini seconds publishing element
Info: Discipline:test_discipline: 17 mini seconds publishing element
Info: CustomCategory:guidance: 75 mini seconds publishing element
Info: CustomCategory:checklist_list: 17 mini seconds publishing element
Info: Checklist:architecture_notebook: 31 mini seconds publishing element
Info: Checklist:design: 39 mini seconds publishing element
Info: Checklist:developer_test: 20 mini seconds publishing element
Info: Checklist:general_requirements: 18 mini seconds publishing element
Info: Checklist:implementation: 21 mini seconds publishing element
Info: Checklist:iteration_plan: 16 mini seconds publishing element
Info: Checklist:project_plan: 16 mini seconds publishing element
Info: Checklist:risk_list: 24 mini seconds publishing element
Info: Checklist:system_wide_rqmts_furps: 47 mini seconds publishing element
Info: Checklist:test_case: 59 mini seconds publishing element
Info: Checklist:test_data: 18 mini seconds publishing element
Info: Checklist:test_script: 49 mini seconds publishing element
Info: Checklist:use_case: 22 mini seconds publishing element
Info: Checklist:use_case_model: 26 mini seconds publishing element
Info: Checklist:vision: 25 mini seconds publishing element
Info: Checklist:work_items_list: 32 mini seconds publishing element
Info: CustomCategory:concept_list: 56 mini seconds publishing element
Info: Concept:analysis_mechanism: 34 mini seconds publishing element
Info: Concept:arch_constraints: 56 mini seconds publishing element
Info: Concept:arch_goals: 33 mini seconds publishing element
Info: Concept:arch_significant_requirements: 20 mini seconds publishing element
Info: Concept:component: 20 mini seconds publishing element
Info: Concept:executable_arch: 20 mini seconds publishing element
Info: Concept:key_abstractions: 24 mini seconds publishing element
Info: Concept:pattern: 22 mini seconds publishing element
Info: Concept:requirement_attributes: 16 mini seconds publishing element
Info: Concept:risk: 24 mini seconds publishing element
Info: Concept:system_wide_requirements: 13 mini seconds publishing element
Info: Concept:visual_modeling: 18 mini seconds publishing element
Info: CustomCategory:example_list: 17 mini seconds publishing element
Info: Example:four_plus_one_view_of_arch: 39 mini seconds publishing element
Info: Example:architectural_mechanism_attributes: 18 mini seconds publishing element
Info: Example:uc_model_evolve: 17 mini seconds publishing element
Info: Example:iteration_burndown_report_example: 23 mini seconds publishing element
Info: Example:iteration_plan: 16 mini seconds publishing element
Info: Example:project_burndown_report_example: 23 mini seconds publishing element
Info: Example:project_plan: 19 mini seconds publishing element
Info: Example:uc_deposit_funds_outline: 11 mini seconds publishing element
Info: Example:uc_model_elaboration_phase: 16 mini seconds publishing element
Info: Example:uc_model_inception_phase: 19 mini seconds publishing element
Info: Example:uc_spec_validate_user: 14 mini seconds publishing element
Info: Example:uc_transfer_funds_outline: 13 mini seconds publishing element
Info: Example:uc_withdraw_cash_outline: 11 mini seconds publishing element
Info: Example:use_case_spec: 16 mini seconds publishing element
Info: CustomCategory:guideline_list: 33 mini seconds publishing element
Info: Guideline:collaboration_guidance_slot: 23 mini seconds publishing element
Info: Guideline:design_guidance_slot: 22 mini seconds publishing element
Info: Guideline:project_planning_guidance_slot: 108 mini seconds publishing element
Info: Guideline:work_assignment_guidance_slot: 17 mini seconds publishing element
Info: Guideline:deploying_the_solution: 25 mini seconds publishing element
Info: Guideline:designing_visually: 135 mini seconds publishing element
Info: Guideline:entity_control_boundary_pattern: 186 mini seconds publishing element
Info: Guideline:example_design_mechanisms: 62 mini seconds publishing element
Info: Guideline:identify_common_architectural_mechanisms: 15 mini seconds publishing element
Info: Guideline:layering: 75 mini seconds publishing element
Info: Guideline:repres_interfaces_to_ext_systems: 14 mini seconds publishing element
Info: Guideline:tailoring_testing: 11 mini seconds publishing element
Info: Guideline:use_case_model: 19 mini seconds publishing element
Info: Guideline:using_visual_modeling: 12 mini seconds publishing element
Info: Guideline:writing_good_requirements: 14 mini seconds publishing element
Info: CustomCategory:practice_list: 17 mini seconds publishing element
Info: SupportingMaterial:references: 36 mini seconds publishing element
Info: CustomCategory:report_list: 15 mini seconds publishing element
Info: CustomCategory:roadmap_list: 22 mini seconds publishing element
Info: CustomCategory:template_list: 27 mini seconds publishing element
Info: Template:architecture_notebook: 18 mini seconds publishing element
Info: Template:design: 12 mini seconds publishing element
Info: Template:iteration_plan: 17 mini seconds publishing element
Info: Template:project_plan: 21 mini seconds publishing element
Info: Template:risk_list: 18 mini seconds publishing element
Info: Template:systemwide_requirements_specification: 23 mini seconds publishing element
Info: Template:test_case: 16 mini seconds publishing element
Info: Template:test_script: 19 mini seconds publishing element
Info: Template:use_case_specification: 18 mini seconds publishing element
Info: Template:vision: 20 mini seconds publishing element
Info: Template:work_items_list: 19 mini seconds publishing element
Info: CustomCategory:tool_list: 16 mini seconds publishing element
Info: Tool:method_composer_tool: 38 mini seconds publishing element
Info: ToolMentor:use_method_composer_to_update_process: 30 mini seconds publishing element
Info: CustomCategory:release_info: 238 mini seconds publishing element
Info: SupportingMaterial:release_info: 15 mini seconds publishing element
Info: SupportingMaterial:release_info_concurrent_testing: 13 mini seconds publishing element
Info: SupportingMaterial:release_info_continuous_integration: 12 mini seconds publishing element
Info: SupportingMaterial:release_info_doc_and_training: 11 mini seconds publishing element
Info: SupportingMaterial:release_info_evolutionary_arch: 16 mini seconds publishing element
Info: SupportingMaterial:release_info_evolutionary_design: 12 mini seconds publishing element
Info: SupportingMaterial:release_info_iterative_dev: 10 mini seconds publishing element
Info: SupportingMaterial:release_info_prod_release: 26 mini seconds publishing element
Info: SupportingMaterial:release_info_release_planning: 12 mini seconds publishing element
Info: SupportingMaterial:release_info_risk_value_lifecycle: 11 mini seconds publishing element
Info: SupportingMaterial:release_info_shared_vision: 11 mini seconds publishing element
Info: SupportingMaterial:release_info_team_change_mgmt: 11 mini seconds publishing element
Info: SupportingMaterial:release_info_test_driven_development: 14 mini seconds publishing element
Info: SupportingMaterial:release_info_uc_driven_dev: 12 mini seconds publishing element
Info: SupportingMaterial:release_info_whole_team: 19 mini seconds publishing element
Info: SupportingMaterial:release_info_openup_process: 13 mini seconds publishing element
Info: SupportingMaterial:release_info_openup: 13 mini seconds publishing element
Info: TermDefinition:role: 16 mini seconds publishing element
Info: TermDefinition:task: 12 mini seconds publishing element
Info: TermDefinition:artifact: 10 mini seconds publishing element
Info: CapabilityPattern:inception_phase_iteration: 266 mini seconds publishing element
Info: CapabilityPattern:inception_phase_iteration: 100 mini seconds publishing process specific layout data
Info: CapabilityPattern:elaboration_phase_iteration: 332 mini seconds publishing element
Info: CapabilityPattern:elaboration_phase_iteration: 341 mini seconds publishing process specific layout data
Info: CapabilityPattern:construction_phase_iteration: 316 mini seconds publishing element
Info: CapabilityPattern:construction_phase_iteration: 214 mini seconds publishing process specific layout data
Info: CapabilityPattern:transition_phase_iteration: 402 mini seconds publishing element
Info: CapabilityPattern:transition_phase_iteration: 306 mini seconds publishing process specific layout data
Info: TermDefinition:method_configuration: 10 mini seconds publishing element
Info: TermDefinition:method_content: 14 mini seconds publishing element
Info: TermDefinition:process: 30 mini seconds publishing element
Info: TermDefinition:capability_pattern: 11 mini seconds publishing element
Info: TermDefinition:delivery_process: 15 mini seconds publishing element
Info: TermDefinition:custom_category: 12 mini seconds publishing element
Info: SupportingMaterial:epf_resources: 21 mini seconds publishing element
Info: SupportingMaterial:rational_method_composer_resources: 17 mini seconds publishing element
Info: RoleDescriptor:analyst: 203 mini seconds publishing element
Info: RoleDescriptor:any_role: 15 mini seconds publishing element
Info: RoleDescriptor:architect: 22 mini seconds publishing element
Info: RoleDescriptor:course_developer: 18 mini seconds publishing element
Info: RoleDescriptor:deployment_engineer: 20 mini seconds publishing element
Info: RoleDescriptor:developer: 23 mini seconds publishing element
Info: RoleDescriptor:process_engineer: 18 mini seconds publishing element
Info: RoleDescriptor:product_owner: 16 mini seconds publishing element
Info: RoleDescriptor:project_manager: 24 mini seconds publishing element
Info: RoleDescriptor:stakeholder: 16 mini seconds publishing element
Info: RoleDescriptor:technical_writer: 21 mini seconds publishing element
Info: RoleDescriptor:tester: 17 mini seconds publishing element
Info: RoleDescriptor:tool_specialist: 17 mini seconds publishing element
Info: RoleDescriptor:trainer: 19 mini seconds publishing element
Info: WorkProductDescriptor:project_definition_and_scope_slot: 274 mini seconds publishing element
Info: WorkProductDescriptor:project_work_slot: 18 mini seconds publishing element
Info: WorkProductDescriptor:technical_architecture_slot: 15 mini seconds publishing element
Info: WorkProductDescriptor:technical_design_slot: 19 mini seconds publishing element
Info: WorkProductDescriptor:technical_implementation_slot: 21 mini seconds publishing element
Info: WorkProductDescriptor:technical_specification_slot: 19 mini seconds publishing element
Info: WorkProductDescriptor:technical_test_results_slot: 30 mini seconds publishing element
Info: WorkProductDescriptor:architecture_notebook: 24 mini seconds publishing element
Info: WorkProductDescriptor:backout_plan: 17 mini seconds publishing element
Info: WorkProductDescriptor:build: 20 mini seconds publishing element
Info: WorkProductDescriptor:deployment_plan: 20 mini seconds publishing element
Info: WorkProductDescriptor:design: 26 mini seconds publishing element
Info: WorkProductDescriptor:developer_test: 17 mini seconds publishing element
Info: WorkProductDescriptor:glossary: 22 mini seconds publishing element
Info: WorkProductDescriptor:implementation: 19 mini seconds publishing element
Info: WorkProductDescriptor:infrastructure: 17 mini seconds publishing element
Info: WorkProductDescriptor:iteration_plan: 26 mini seconds publishing element
Info: WorkProductDescriptor:product_documentation: 25 mini seconds publishing element
Info: WorkProductDescriptor:project_defined_process: 27 mini seconds publishing element
Info: WorkProductDescriptor:project_plan: 26 mini seconds publishing element
Info: WorkProductDescriptor:release: 16 mini seconds publishing element
Info: WorkProductDescriptor:release_communications: 17 mini seconds publishing element
Info: WorkProductDescriptor:release_controls: 16 mini seconds publishing element
Info: WorkProductDescriptor:risk_list: 24 mini seconds publishing element
Info: WorkProductDescriptor:support_documentation: 18 mini seconds publishing element
Info: WorkProductDescriptor:system_wide_requirements: 23 mini seconds publishing element
Info: WorkProductDescriptor:test_case: 20 mini seconds publishing element
Info: WorkProductDescriptor:test_log: 19 mini seconds publishing element
Info: WorkProductDescriptor:test_script: 21 mini seconds publishing element
Info: WorkProductDescriptor:tools: 31 mini seconds publishing element
Info: WorkProductDescriptor:training_materials: 19 mini seconds publishing element
Info: WorkProductDescriptor:use_case: 28 mini seconds publishing element
Info: WorkProductDescriptor:use_case_model: 24 mini seconds publishing element
Info: WorkProductDescriptor:user_documentation: 22 mini seconds publishing element
Info: WorkProductDescriptor:vision: 27 mini seconds publishing element
Info: WorkProductDescriptor:work_items_list: 38 mini seconds publishing element
Info: CapabilityPattern:identify_and_refine_requirements: 114 mini seconds publishing element
Info: CapabilityPattern:identify_and_refine_requirements: 11 mini seconds publishing process specific layout data
Info: CapabilityPattern:initiate_project: 124 mini seconds publishing element
Info: CapabilityPattern:initiate_project: 8 mini seconds publishing process specific layout data
Info: CapabilityPattern:agree_technical_approach: 95 mini seconds publishing element
Info: CapabilityPattern:agree_technical_approach: 6 mini seconds publishing process specific layout data
Info: CapabilityPattern:plan_manage_iteration: 167 mini seconds publishing element
Info: CapabilityPattern:plan_manage_iteration: 20 mini seconds publishing process specific layout data
Info: TermDefinition:feature: 23 mini seconds publishing element
Info: Artifact:project_work_slot: 16 mini seconds publishing element
Info: Artifact:project_risk_slot: 10 mini seconds publishing element
Info: RoleDescriptor:analyst: 29 mini seconds publishing element
Info: RoleDescriptor:architect: 19 mini seconds publishing element
Info: RoleDescriptor:developer: 26 mini seconds publishing element
Info: RoleDescriptor:project_manager: 22 mini seconds publishing element
Info: RoleDescriptor:stakeholder: 15 mini seconds publishing element
Info: RoleDescriptor:tester: 18 mini seconds publishing element
Info: WorkProductDescriptor:technical_specification_slot: 26 mini seconds publishing element
Info: WorkProductDescriptor:architecture_notebook: 21 mini seconds publishing element
Info: WorkProductDescriptor:build: 21 mini seconds publishing element
Info: WorkProductDescriptor:design: 21 mini seconds publishing element
Info: WorkProductDescriptor:developer_test: 20 mini seconds publishing element
Info: WorkProductDescriptor:glossary: 20 mini seconds publishing element
Info: WorkProductDescriptor:implementation: 17 mini seconds publishing element
Info: WorkProductDescriptor:iteration_plan: 33 mini seconds publishing element
Info: WorkProductDescriptor:project_plan: 21 mini seconds publishing element
Info: WorkProductDescriptor:risk_list: 25 mini seconds publishing element
Info: WorkProductDescriptor:system_wide_requirements: 22 mini seconds publishing element
Info: WorkProductDescriptor:test_case: 21 mini seconds publishing element
Info: WorkProductDescriptor:test_log: 18 mini seconds publishing element
Info: WorkProductDescriptor:test_script: 19 mini seconds publishing element
Info: WorkProductDescriptor:use_case: 22 mini seconds publishing element
Info: WorkProductDescriptor:use_case_model: 20 mini seconds publishing element
Info: WorkProductDescriptor:vision: 22 mini seconds publishing element
Info: WorkProductDescriptor:work_items_list: 32 mini seconds publishing element
Info: Artifact:project_definition_and_scope_slot: 17 mini seconds publishing element
Info: RoleDescriptor:analyst: 26 mini seconds publishing element
Info: RoleDescriptor:architect: 20 mini seconds publishing element
Info: RoleDescriptor:developer: 25 mini seconds publishing element
Info: RoleDescriptor:stakeholder: 17 mini seconds publishing element
Info: RoleDescriptor:tester: 21 mini seconds publishing element
Info: WorkProductDescriptor:technical_specification_slot: 19 mini seconds publishing element
Info: WorkProductDescriptor:architecture_notebook: 22 mini seconds publishing element
Info: WorkProductDescriptor:build: 14 mini seconds publishing element
Info: WorkProductDescriptor:design: 20 mini seconds publishing element
Info: WorkProductDescriptor:developer_test: 17 mini seconds publishing element
Info: WorkProductDescriptor:glossary: 30 mini seconds publishing element
Info: WorkProductDescriptor:implementation: 16 mini seconds publishing element
Info: WorkProductDescriptor:system_wide_requirements: 28 mini seconds publishing element
Info: WorkProductDescriptor:test_case: 29 mini seconds publishing element
Info: WorkProductDescriptor:test_log: 16 mini seconds publishing element
Info: WorkProductDescriptor:test_script: 18 mini seconds publishing element
Info: WorkProductDescriptor:use_case: 35 mini seconds publishing element
Info: WorkProductDescriptor:use_case_model: 26 mini seconds publishing element
Info: WorkProductDescriptor:vision: 20 mini seconds publishing element
Info: WorkProductDescriptor:work_items_list: 22 mini seconds publishing element
Info: RoleDescriptor:analyst: 22 mini seconds publishing element
Info: RoleDescriptor:architect: 16 mini seconds publishing element
Info: RoleDescriptor:developer: 20 mini seconds publishing element
Info: RoleDescriptor:project_manager: 20 mini seconds publishing element
Info: RoleDescriptor:stakeholder: 18 mini seconds publishing element
Info: WorkProductDescriptor:technical_specification_slot: 21 mini seconds publishing element
Info: WorkProductDescriptor:architecture_notebook: 39 mini seconds publishing element
Info: WorkProductDescriptor:build: 15 mini seconds publishing element
Info: WorkProductDescriptor:design: 19 mini seconds publishing element
Info: WorkProductDescriptor:developer_test: 20 mini seconds publishing element
Info: WorkProductDescriptor:glossary: 18 mini seconds publishing element
Info: WorkProductDescriptor:implementation: 17 mini seconds publishing element
Info: WorkProductDescriptor:iteration_plan: 25 mini seconds publishing element
Info: WorkProductDescriptor:project_plan: 18 mini seconds publishing element
Info: WorkProductDescriptor:risk_list: 16 mini seconds publishing element
Info: WorkProductDescriptor:system_wide_requirements: 18 mini seconds publishing element
Info: WorkProductDescriptor:use_case: 22 mini seconds publishing element
Info: WorkProductDescriptor:use_case_model: 21 mini seconds publishing element
Info: WorkProductDescriptor:vision: 17 mini seconds publishing element
Info: WorkProductDescriptor:work_items_list: 36 mini seconds publishing element
Info: CapabilityPattern:develop_architecture: 138 mini seconds publishing element
Info: CapabilityPattern:develop_architecture: 122 mini seconds publishing process specific layout data
Info: CapabilityPattern:develop_solution: 494 mini seconds publishing element
Info: CapabilityPattern:develop_solution: 110 mini seconds publishing process specific layout data
Info: CapabilityPattern:test_solution: 108 mini seconds publishing element
Info: CapabilityPattern:test_solution: 11 mini seconds publishing process specific layout data
Info: RoleDescriptor:analyst: 21 mini seconds publishing element
Info: RoleDescriptor:architect: 19 mini seconds publishing element
Info: RoleDescriptor:developer: 42 mini seconds publishing element
Info: RoleDescriptor:project_manager: 24 mini seconds publishing element
Info: RoleDescriptor:stakeholder: 19 mini seconds publishing element
Info: RoleDescriptor:tester: 24 mini seconds publishing element
Info: WorkProductDescriptor:technical_architecture_slot: 22 mini seconds publishing element
Info: WorkProductDescriptor:technical_specification_slot: 25 mini seconds publishing element
Info: WorkProductDescriptor:architecture_notebook: 31 mini seconds publishing element
Info: WorkProductDescriptor:build: 21 mini seconds publishing element
Info: WorkProductDescriptor:design: 30 mini seconds publishing element
Info: WorkProductDescriptor:developer_test: 24 mini seconds publishing element
Info: WorkProductDescriptor:glossary: 24 mini seconds publishing element
Info: WorkProductDescriptor:implementation: 20 mini seconds publishing element
Info: WorkProductDescriptor:iteration_plan: 20 mini seconds publishing element
Info: WorkProductDescriptor:project_plan: 17 mini seconds publishing element
Info: WorkProductDescriptor:risk_list: 15 mini seconds publishing element
Info: WorkProductDescriptor:system_wide_requirements: 19 mini seconds publishing element
Info: WorkProductDescriptor:test_case: 19 mini seconds publishing element
Info: WorkProductDescriptor:test_log: 17 mini seconds publishing element
Info: WorkProductDescriptor:test_script: 16 mini seconds publishing element
Info: WorkProductDescriptor:use_case: 21 mini seconds publishing element
Info: WorkProductDescriptor:use_case_model: 19 mini seconds publishing element
Info: WorkProductDescriptor:vision: 18 mini seconds publishing element
Info: WorkProductDescriptor:work_items_list: 21 mini seconds publishing element
Info: WorkProductDescriptor:architecture_notebook: 24 mini seconds publishing element
Info: Artifact:technical_architecture_slot: 14 mini seconds publishing element
Info: Artifact:technical_specification_slot: 31 mini seconds publishing element
Info: RoleDescriptor:architect: 17 mini seconds publishing element
Info: RoleDescriptor:developer: 25 mini seconds publishing element
Info: WorkProductDescriptor:technical_specification_slot: 17 mini seconds publishing element
Info: WorkProductDescriptor:technical_design_slot: 14 mini seconds publishing element
Info: WorkProductDescriptor:technical_implementation_slot: 14 mini seconds publishing element
Info: RoleDescriptor:analyst: 19 mini seconds publishing element
Info: RoleDescriptor:developer: 22 mini seconds publishing element
Info: RoleDescriptor:stakeholder: 14 mini seconds publishing element
Info: RoleDescriptor:tester: 22 mini seconds publishing element
Info: WorkProductDescriptor:technical_implementation_slot: 20 mini seconds publishing element
Info: WorkProductDescriptor:build: 15 mini seconds publishing element
Info: WorkProductDescriptor:design: 17 mini seconds publishing element
Info: WorkProductDescriptor:developer_test: 22 mini seconds publishing element
Info: WorkProductDescriptor:glossary: 15 mini seconds publishing element
Info: WorkProductDescriptor:implementation: 16 mini seconds publishing element
Info: WorkProductDescriptor:system_wide_requirements: 16 mini seconds publishing element
Info: WorkProductDescriptor:test_case: 17 mini seconds publishing element
Info: WorkProductDescriptor:test_log: 17 mini seconds publishing element
Info: WorkProductDescriptor:test_script: 19 mini seconds publishing element
Info: WorkProductDescriptor:use_case: 21 mini seconds publishing element
Info: WorkProductDescriptor:use_case_model: 20 mini seconds publishing element
Info: WorkProductDescriptor:vision: 16 mini seconds publishing element
Info: WorkProductDescriptor:work_items_list: 27 mini seconds publishing element
Info: CapabilityPattern:ongoing_tasks: 89 mini seconds publishing element
Info: CapabilityPattern:ongoing_tasks: 3 mini seconds publishing process specific layout data
Info: RoleDescriptor:deployment_engineer: 23 mini seconds publishing element
Info: WorkProductDescriptor:backout_plan: 17 mini seconds publishing element
Info: WorkProductDescriptor:deployment_plan: 19 mini seconds publishing element
Info: WorkProductDescriptor:release: 17 mini seconds publishing element
Info: WorkProductDescriptor:release_communications: 15 mini seconds publishing element
Info: RoleDescriptor:developer: 30 mini seconds publishing element
Info: RoleDescriptor:developer: 20 mini seconds publishing element
Info: WorkProductDescriptor:build: 15 mini seconds publishing element
Info: WorkProductDescriptor:design: 18 mini seconds publishing element
Info: WorkProductDescriptor:developer_test: 18 mini seconds publishing element
Info: WorkProductDescriptor:implementation: 15 mini seconds publishing element
Info: CapabilityPattern:prep_doc_trng: 99 mini seconds publishing element
Info: CapabilityPattern:prep_doc_trng: 6 mini seconds publishing process specific layout data
Info: RoleDescriptor:deployment_engineer: 24 mini seconds publishing element
Info: WorkProductDescriptor:backout_plan: 15 mini seconds publishing element
Info: WorkProductDescriptor:deployment_plan: 17 mini seconds publishing element
Info: WorkProductDescriptor:release: 13 mini seconds publishing element
Info: WorkProductDescriptor:release_communications: 15 mini seconds publishing element
Info: RoleDescriptor:developer: 23 mini seconds publishing element
Info: WorkProductDescriptor:build: 14 mini seconds publishing element
Info: WorkProductDescriptor:design: 17 mini seconds publishing element
Info: WorkProductDescriptor:developer_test: 16 mini seconds publishing element
Info: WorkProductDescriptor:implementation: 16 mini seconds publishing element
Info: CapabilityPattern:prepare_for_release: 90 mini seconds publishing element
Info: CapabilityPattern:prepare_for_release: 6 mini seconds publishing process specific layout data
Info: WorkProductDescriptor:product_documentation: 14 mini seconds publishing element
Info: WorkProductDescriptor:support_documentation: 15 mini seconds publishing element
Info: WorkProductDescriptor:training_materials: 14 mini seconds publishing element
Info: WorkProductDescriptor:user_documentation: 14 mini seconds publishing element
Info: CapabilityPattern:provide_product_training: 65 mini seconds publishing element
Info: CapabilityPattern:provide_product_training: 5 mini seconds publishing process specific layout data
Info: RoleDescriptor:deployment_engineer: 24 mini seconds publishing element
Info: RoleDescriptor:developer: 28 mini seconds publishing element
Info: RoleDescriptor:product_owner: 17 mini seconds publishing element
Info: WorkProductDescriptor:backout_plan: 19 mini seconds publishing element
Info: WorkProductDescriptor:build: 18 mini seconds publishing element
Info: WorkProductDescriptor:deployment_plan: 22 mini seconds publishing element
Info: WorkProductDescriptor:design: 27 mini seconds publishing element
Info: WorkProductDescriptor:developer_test: 19 mini seconds publishing element
Info: WorkProductDescriptor:implementation: 18 mini seconds publishing element
Info: WorkProductDescriptor:infrastructure: 17 mini seconds publishing element
Info: WorkProductDescriptor:release: 26 mini seconds publishing element
Info: WorkProductDescriptor:release_communications: 19 mini seconds publishing element
Info: WorkProductDescriptor:release_controls: 18 mini seconds publishing element
Info: CapabilityPattern:deploy_release_to_production: 101 mini seconds publishing element
Info: CapabilityPattern:deploy_release_to_production: 8 mini seconds publishing process specific layout data
Info: Artifact:technical_test_results_slot: 14 mini seconds publishing element
Info: Artifact:project_status_slot: 10 mini seconds publishing element
Info: TermDefinition:risk: 13 mini seconds publishing element
Info: TermDefinition:work_product: 10 mini seconds publishing element
Info: Artifact:technical_implementation_slot: 26 mini seconds publishing element
Info: Artifact:technical_design_slot: 15 mini seconds publishing element
Info: TermDefinition:code_instrumentation: 12 mini seconds publishing element
Info: SupportingMaterial:intellectual_property_notices: 9 mini seconds publishing element
Info: TermDefinition:method_library: 9 mini seconds publishing element
Info: TermDefinition:guidance: 11 mini seconds publishing element
Info: TermDefinition:view: 8 mini seconds publishing element
Info: TermDefinition:stakeholder_need: 10 mini seconds publishing element
Info: WorkProductDescriptor:build: 17 mini seconds publishing element
Info: WorkProductDescriptor:design: 21 mini seconds publishing element
Info: WorkProductDescriptor:developer_test: 17 mini seconds publishing element
Info: WorkProductDescriptor:implementation: 15 mini seconds publishing element
Info: TermDefinition:deliverable: 10 mini seconds publishing element
Info: TermDefinition:outcome: 11 mini seconds publishing element
Info: TermDefinition:method_plugin: 8 mini seconds publishing element
Info: TermDefinition:method_element: 9 mini seconds publishing element
Info: : Publishing time: 0 minutes 39 seconds
